<?xml version="1.0" encoding="UTF-8"?>
<!-- Generated by org.testng.reporters.JUnitReportReporter -->
<testsuite hostname="DESKTOP-LDTN898" failures="0" tests="1" name="testNG.FbLoginTest" time="1.180" errors="0" timestamp="2020-07-11T17:14:23 BDT" skipped="0">
  <testcase classname="testNG.FbLoginTest" name="init" time="1.180"/>
</testsuite> <!-- testNG.FbLoginTest -->
