<?xml version="1.0" encoding="UTF-8"?>
<!-- Generated by org.testng.reporters.JUnitReportReporter -->
<testsuite hostname="DESKTOP-LDTN898" failures="0" tests="1" name="com.java.testing.youtube.understandtestng" time="0.005" errors="0" timestamp="2020-02-28T22:09:42 BDT" skipped="0">
  <testcase classname="com.java.testing.youtube.understandtestng" name="testng" time="0.005"/>
</testsuite> <!-- com.java.testing.youtube.understandtestng -->
