<?xml version="1.0" encoding="UTF-8"?>
<!-- Generated by org.testng.reporters.JUnitReportReporter -->
<testsuite hostname="DESKTOP-LDTN898" failures="0" tests="1" name="com.java.testing.youtube.infintLoopTest" time="0.030" errors="0" timestamp="2020-02-21T14:30:44 BDT" skipped="0">
  <testcase classname="com.java.testing.youtube.infintLoopTest" name="test1" time="0.030"/>
</testsuite> <!-- com.java.testing.youtube.infintLoopTest -->
