<?xml version="1.0" encoding="UTF-8"?>
<!-- Generated by org.testng.reporters.JUnitReportReporter -->
<testsuite hostname="DESKTOP-LDTN898" failures="0" tests="4" name="com.java.testing.youtube.TestNgFeatures" time="0.050" errors="0" timestamp="2020-02-21T13:04:06 BDT" skipped="0">
  <testcase classname="com.java.testing.youtube.TestNgFeatures" name="RegPageTest" time="0.006"/>
  <testcase classname="com.java.testing.youtube.TestNgFeatures" name="HomePageTest" time="0.009"/>
  <testcase classname="com.java.testing.youtube.TestNgFeatures" name="SearchPageTest" time="0.008"/>
  <testcase classname="com.java.testing.youtube.TestNgFeatures" name="loginTest" time="0.027"/>
</testsuite> <!-- com.java.testing.youtube.TestNgFeatures -->
