<?xml version="1.0" encoding="UTF-8"?>
<!-- Generated by org.testng.reporters.JUnitReportReporter -->
<testsuite hostname="DESKTOP-P8V181P" failures="0" tests="3" name="com.java.testing.youtube.TestNgBasics" time="0.055" errors="0" timestamp="2020-09-11T21:57:18 BDT" skipped="0">
  <testcase classname="com.java.testing.youtube.TestNgBasics" name="googleTitleTest" time="0.005"/>
  <testcase classname="com.java.testing.youtube.TestNgBasics" name="googleLogoTest" time="0.020"/>
  <testcase classname="com.java.testing.youtube.TestNgBasics" name="searchTest" time="0.030"/>
</testsuite> <!-- com.java.testing.youtube.TestNgBasics -->
