<?xml version="1.0" encoding="UTF-8"?>
<!-- Generated by org.testng.reporters.JUnitReportReporter -->
<testsuite hostname="DESKTOP-LDTN898" failures="0" tests="10" name="com.java.testing.youtube.InvocationCountTest" time="0.180" errors="0" timestamp="2020-02-21T14:13:10 BDT" skipped="0">
  <testcase classname="com.java.testing.youtube.InvocationCountTest" name="sum" time="0.007"/>
  <testcase classname="com.java.testing.youtube.InvocationCountTest" name="sum" time="0.104"/>
  <testcase classname="com.java.testing.youtube.InvocationCountTest" name="sum" time="0.008"/>
  <testcase classname="com.java.testing.youtube.InvocationCountTest" name="sum" time="0.008"/>
  <testcase classname="com.java.testing.youtube.InvocationCountTest" name="sum" time="0.007"/>
  <testcase classname="com.java.testing.youtube.InvocationCountTest" name="sum" time="0.007"/>
  <testcase classname="com.java.testing.youtube.InvocationCountTest" name="sum" time="0.006"/>
  <testcase classname="com.java.testing.youtube.InvocationCountTest" name="sum" time="0.004"/>
  <testcase classname="com.java.testing.youtube.InvocationCountTest" name="sum" time="0.026"/>
  <testcase classname="com.java.testing.youtube.InvocationCountTest" name="sum" time="0.003"/>
</testsuite> <!-- com.java.testing.youtube.InvocationCountTest -->
