<?xml version="1.0" encoding="UTF-8"?>
<!-- Generated by org.testng.reporters.JUnitReportReporter -->
<testsuite hostname="DESKTOP-LDTN898" failures="0" tests="2" name="testNG.Configuration_Annotations" time="0.026" errors="0" timestamp="2020-03-06T16:47:56 BDT" skipped="0">
  <testcase classname="testNG.Configuration_Annotations" name="searchCustomer" time="0.015"/>
  <testcase classname="testNG.Configuration_Annotations" name="searchProduct" time="0.011"/>
</testsuite> <!-- testNG.Configuration_Annotations -->
