<?xml version="1.0" encoding="UTF-8"?>
<!-- Generated by org.testng.reporters.JUnitReportReporter -->
<testsuite hostname="DESKTOP-LDTN898" failures="0" tests="1" name="com.java.testing.youtube.TestProject" time="20.262" errors="0" timestamp="2020-03-12T20:49:39 BDT" skipped="0">
  <testcase classname="com.java.testing.youtube.TestProject" name="Test" time="20.262"/>
</testsuite> <!-- com.java.testing.youtube.TestProject -->
