<?xml version="1.0" encoding="UTF-8"?>
<!-- Generated by org.testng.reporters.JUnitReportReporter -->
<testsuite hostname="DESKTOP-LDTN898" failures="0" tests="3" name="com.java.testing.youtube.TestNgBasics" time="0.035" errors="0" timestamp="2020-02-28T22:09:42 BDT" skipped="0">
  <testcase classname="com.java.testing.youtube.TestNgBasics" name="searchTest" time="0.011"/>
  <testcase classname="com.java.testing.youtube.TestNgBasics" name="googleLogoTest" time="0.019"/>
  <testcase classname="com.java.testing.youtube.TestNgBasics" name="googleTitleTest" time="0.005"/>
</testsuite> <!-- com.java.testing.youtube.TestNgBasics -->
