<?xml version="1.0" encoding="UTF-8"?>
<!-- Generated by org.testng.reporters.JUnitReportReporter -->
<testsuite hostname="DESKTOP-LDTN898" failures="0" tests="1" name="testNG.HRM" time="4.584" errors="0" timestamp="2020-03-07T12:30:00 BDT" skipped="0">
  <testcase classname="testNG.HRM" name="Logout" time="4.584"/>
</testsuite> <!-- testNG.HRM -->
