<?xml version="1.0" encoding="UTF-8"?>
<!-- Generated by org.testng.reporters.JUnitReportReporter -->
<testsuite hostname="DESKTOP-LDTN898" failures="0" tests="1" name="com.java.testing.youtube.infintLoopTest" time="0.040" errors="0" timestamp="2020-02-28T20:56:27 BDT" skipped="0">
  <testcase classname="com.java.testing.youtube.infintLoopTest" name="test1" time="0.040"/>
</testsuite> <!-- com.java.testing.youtube.infintLoopTest -->
