<?xml version="1.0" encoding="UTF-8"?>
<!-- Generated by org.testng.reporters.JUnitReportReporter -->
<testsuite hostname="DESKTOP-LDTN898" failures="0" tests="1" name="com.java.testing.youtube.understandtestng" time="0.050" errors="0" timestamp="2020-02-21T09:23:23 BDT" skipped="0">
  <testcase classname="com.java.testing.youtube.understandtestng" name="testng" time="0.050"/>
</testsuite> <!-- com.java.testing.youtube.understandtestng -->
